<?xml version="1.0" encoding="UTF-8"?>
<testsuite name="com.example.chatService.controller.WsTokenControllerWebMvcTest" tests="2" skipped="0" failures="0" errors="0" timestamp="2026-04-08T05:31:39.686Z" hostname="austin-750XGK" time="0.021">
  <properties/>
  <testcase name="createWsToken returns ws token for valid refresh token()" classname="com.example.chatService.controller.WsTokenControllerWebMvcTest" time="0.013"/>
  <testcase name="createWsToken returns unauthorized when refresh token missing()" classname="com.example.chatService.controller.WsTokenControllerWebMvcTest" time="0.007"/>
  <system-out><![CDATA[2026-04-08T14:31:39.304+09:00  INFO 69256 --- [    Test worker] t.c.s.AnnotationConfigContextLoaderUtils : Could not detect default configuration classes for test class [com.example.chatService.controller.WsTokenControllerWebMvcTest]: WsTokenControllerWebMvcTest does not declare any static, non-private, non-final, nested classes annotated with @Configuration.
2026-04-08T14:31:39.309+09:00  INFO 69256 --- [    Test worker] .b.t.c.SpringBootTestContextBootstrapper : Found @SpringBootConfiguration com.example.chatService.ChatServiceApplication for test class com.example.chatService.controller.WsTokenControllerWebMvcTest
2026-04-08T14:31:39.312+09:00  INFO 69256 --- [    Test worker] m.p.springdotenv.DotenvPropertySource    : Initialized Dotenv with DotenvConfig{directory=null, filename=null, ignoreIfMalformed=false, ignoreIfMissing=true, systemProperties=false, prefix=null}

  .   ____          _            __ _ _
 /\\ / ___'_ __ _ _(_)_ __  __ _ \ \ \ \
( ( )\___ | '_ | '_| | '_ \/ _` | \ \ \ \
 \\/  ___)| |_)| | | | | || (_| |  ) ) ) )
  '  |____| .__|_| |_|_| |_\__, | / / / /
 =========|_|==============|___/=/_/_/_/

 :: Spring Boot ::                (v3.5.7)

2026-04-08T14:31:39.325+09:00  INFO 69256 --- [    Test worker] c.e.c.c.WsTokenControllerWebMvcTest      : Starting WsTokenControllerWebMvcTest using Java 17.0.12 with PID 69256 (started by austin in /home/austin/chatService-kotlin)
2026-04-08T14:31:39.325+09:00  INFO 69256 --- [    Test worker] c.e.c.c.WsTokenControllerWebMvcTest      : No active profile set, falling back to 1 default profile: "default"
2026-04-08T14:31:39.604+09:00  INFO 69256 --- [    Test worker] o.s.b.a.w.s.WelcomePageHandlerMapping    : Adding welcome page: class path resource [static/index.html]
2026-04-08T14:31:39.680+09:00  INFO 69256 --- [    Test worker] o.s.b.t.m.w.SpringBootMockServletContext : Initializing Spring TestDispatcherServlet ''
2026-04-08T14:31:39.680+09:00  INFO 69256 --- [    Test worker] o.s.t.web.servlet.TestDispatcherServlet  : Initializing Servlet ''
2026-04-08T14:31:39.680+09:00  INFO 69256 --- [    Test worker] o.s.t.web.servlet.TestDispatcherServlet  : Completed initialization in 0 ms
2026-04-08T14:31:39.684+09:00  INFO 69256 --- [    Test worker] c.e.c.c.WsTokenControllerWebMvcTest      : Started WsTokenControllerWebMvcTest in 0.373 seconds (process running for 4.07)
]]></system-out>
  <system-err><![CDATA[]]></system-err>
</testsuite>
