<?xml version="1.0" encoding="UTF-8"?>
<testsuite name="com.example.chatService.service.RoomParticipantServiceImplTest" tests="3" skipped="0" failures="0" errors="0" timestamp="2026-04-08T05:31:40.021Z" hostname="austin-750XGK" time="0.015">
  <properties/>
  <testcase name="joinRoom activates inactive participant and publishes changed event()" classname="com.example.chatService.service.RoomParticipantServiceImplTest" time="0.005"/>
  <testcase name="joinRoom throws when user is banned from room()" classname="com.example.chatService.service.RoomParticipantServiceImplTest" time="0.002"/>
  <testcase name="leaveRoom deactivates active participant and decrements room count()" classname="com.example.chatService.service.RoomParticipantServiceImplTest" time="0.004"/>
  <system-out><![CDATA[]]></system-out>
  <system-err><![CDATA[]]></system-err>
</testsuite>
