<?xml version="1.0" encoding="UTF-8"?>
<testsuite name="com.example.chatService.controller.UserControllerWebMvcTest" tests="1" skipped="0" failures="0" errors="0" timestamp="2026-04-08T05:31:39.287Z" hostname="austin-750XGK" time="0.014">
  <properties/>
  <testcase name="setNickname returns trimmed nickname()" classname="com.example.chatService.controller.UserControllerWebMvcTest" time="0.014"/>
  <system-out><![CDATA[2026-04-08T14:31:38.980+09:00  INFO 69256 --- [    Test worker] t.c.s.AnnotationConfigContextLoaderUtils : Could not detect default configuration classes for test class [com.example.chatService.controller.UserControllerWebMvcTest]: UserControllerWebMvcTest does not declare any static, non-private, non-final, nested classes annotated with @Configuration.
2026-04-08T14:31:38.991+09:00  INFO 69256 --- [    Test worker] .b.t.c.SpringBootTestContextBootstrapper : Found @SpringBootConfiguration com.example.chatService.ChatServiceApplication for test class com.example.chatService.controller.UserControllerWebMvcTest
2026-04-08T14:31:39.004+09:00  INFO 69256 --- [    Test worker] m.p.springdotenv.DotenvPropertySource    : Initialized Dotenv with DotenvConfig{directory=null, filename=null, ignoreIfMalformed=false, ignoreIfMissing=true, systemProperties=false, prefix=null}

  .   ____          _            __ _ _
 /\\ / ___'_ __ _ _(_)_ __  __ _ \ \ \ \
( ( )\___ | '_ | '_| | '_ \/ _` | \ \ \ \
 \\/  ___)| |_)| | | | | || (_| |  ) ) ) )
  '  |____| .__|_| |_|_| |_\__, | / / / /
 =========|_|==============|___/=/_/_/_/

 :: Spring Boot ::                (v3.5.7)

2026-04-08T14:31:39.036+09:00  INFO 69256 --- [    Test worker] c.e.c.c.UserControllerWebMvcTest         : Starting UserControllerWebMvcTest using Java 17.0.12 with PID 69256 (started by austin in /home/austin/chatService-kotlin)
2026-04-08T14:31:39.037+09:00  INFO 69256 --- [    Test worker] c.e.c.c.UserControllerWebMvcTest         : No active profile set, falling back to 1 default profile: "default"
2026-04-08T14:31:39.232+09:00  INFO 69256 --- [    Test worker] o.s.b.a.w.s.WelcomePageHandlerMapping    : Adding welcome page: class path resource [static/index.html]
2026-04-08T14:31:39.281+09:00  INFO 69256 --- [    Test worker] o.s.b.t.m.w.SpringBootMockServletContext : Initializing Spring TestDispatcherServlet ''
2026-04-08T14:31:39.281+09:00  INFO 69256 --- [    Test worker] o.s.t.web.servlet.TestDispatcherServlet  : Initializing Servlet ''
2026-04-08T14:31:39.282+09:00  INFO 69256 --- [    Test worker] o.s.t.web.servlet.TestDispatcherServlet  : Completed initialization in 1 ms
2026-04-08T14:31:39.286+09:00  INFO 69256 --- [    Test worker] c.e.c.c.UserControllerWebMvcTest         : Started UserControllerWebMvcTest in 0.291 seconds (process running for 3.671)
]]></system-out>
  <system-err><![CDATA[]]></system-err>
</testsuite>
