<?xml version="1.0" encoding="UTF-8"?>
<testsuite name="com.example.chatService.controller.RoomInviteControllerWebMvcTest" tests="2" skipped="0" failures="0" errors="0" timestamp="2026-04-08T05:31:38.701Z" hostname="austin-750XGK" time="0.274">
  <properties/>
  <testcase name="joinByInvite delegates to service with authenticated user()" classname="com.example.chatService.controller.RoomInviteControllerWebMvcTest" time="0.166"/>
  <testcase name="getRoom returns room response for authenticated user()" classname="com.example.chatService.controller.RoomInviteControllerWebMvcTest" time="0.106"/>
  <system-out><![CDATA[14:31:37.277 [Test worker] INFO org.springframework.test.context.support.AnnotationConfigContextLoaderUtils -- Could not detect default configuration classes for test class [com.example.chatService.controller.RoomInviteControllerWebMvcTest]: RoomInviteControllerWebMvcTest does not declare any static, non-private, non-final, nested classes annotated with @Configuration.
14:31:37.370 [Test worker] INFO org.springframework.boot.test.context.SpringBootTestContextBootstrapper -- Found @SpringBootConfiguration com.example.chatService.ChatServiceApplication for test class com.example.chatService.controller.RoomInviteControllerWebMvcTest

  .   ____          _            __ _ _
 /\\ / ___'_ __ _ _(_)_ __  __ _ \ \ \ \
( ( )\___ | '_ | '_| | '_ \/ _` | \ \ \ \
 \\/  ___)| |_)| | | | | || (_| |  ) ) ) )
  '  |____| .__|_| |_|_| |_\__, | / / / /
 =========|_|==============|___/=/_/_/_/

 :: Spring Boot ::                (v3.5.7)

2026-04-08T14:31:37.623+09:00  INFO 69256 --- [    Test worker] c.e.c.c.RoomInviteControllerWebMvcTest   : Starting RoomInviteControllerWebMvcTest using Java 17.0.12 with PID 69256 (started by austin in /home/austin/chatService-kotlin)
2026-04-08T14:31:37.624+09:00  INFO 69256 --- [    Test worker] c.e.c.c.RoomInviteControllerWebMvcTest   : No active profile set, falling back to 1 default profile: "default"
2026-04-08T14:31:38.359+09:00  INFO 69256 --- [    Test worker] o.s.b.a.w.s.WelcomePageHandlerMapping    : Adding welcome page: class path resource [static/index.html]
2026-04-08T14:31:38.674+09:00  INFO 69256 --- [    Test worker] o.s.b.t.m.w.SpringBootMockServletContext : Initializing Spring TestDispatcherServlet ''
2026-04-08T14:31:38.674+09:00  INFO 69256 --- [    Test worker] o.s.t.web.servlet.TestDispatcherServlet  : Initializing Servlet ''
2026-04-08T14:31:38.675+09:00  INFO 69256 --- [    Test worker] o.s.t.web.servlet.TestDispatcherServlet  : Completed initialization in 1 ms
2026-04-08T14:31:38.697+09:00  INFO 69256 --- [    Test worker] c.e.c.c.RoomInviteControllerWebMvcTest   : Started RoomInviteControllerWebMvcTest in 1.288 seconds (process running for 3.082)
]]></system-out>
  <system-err><![CDATA[]]></system-err>
</testsuite>
