<?xml version="1.0" encoding="UTF-8"?>
<testsuite name="com.example.chatService.service.RoomInviteServiceTest" tests="4" skipped="0" failures="0" errors="0" timestamp="2026-04-08T05:31:39.890Z" hostname="austin-750XGK" time="0.01">
  <properties/>
  <testcase name="generateInviteCode rejects non admin requester()" classname="com.example.chatService.service.RoomInviteServiceTest" time="0.003"/>
  <testcase name="generateInviteCode stores invite in redis with ttl()" classname="com.example.chatService.service.RoomInviteServiceTest" time="0.003"/>
  <testcase name="joinByInvite joins private room and returns room id()" classname="com.example.chatService.service.RoomInviteServiceTest" time="0.001"/>
  <testcase name="enterByInvite throws gone when invite token expired()" classname="com.example.chatService.service.RoomInviteServiceTest" time="0.001"/>
  <system-out><![CDATA[]]></system-out>
  <system-err><![CDATA[]]></system-err>
</testsuite>
